\BOOKMARK [0][-]{chapter.1}{\376\377\000I\000n\000t\000r\000o\000d\000u\000k\000s\000j\000o\000n}{}% 1
\BOOKMARK [0][-]{chapter.2}{\376\377\000P\000s\000y\000k\000o\000l\000o\000g\000i\000e\000n\000\040\000b\000a\000k\000\040\000m\000o\000d\000e\000r\000n\000e\000\040\000v\000e\000n\000s\000t\000r\000e\000v\000r\000i\000d\000d\000\040\000i\000d\000e\000o\000l\000o\000g\000i}{}% 2
\BOOKMARK [0][-]{chapter.3}{\376\377\000F\000\370\000l\000e\000l\000s\000e\000r\000\040\000a\000v\000\040\000u\000n\000d\000e\000r\000l\000e\000g\000e\000n\000h\000e\000t}{}% 3
\BOOKMARK [0][-]{chapter.4}{\376\377\000O\000v\000e\000r\000s\000o\000s\000i\000a\000l\000i\000s\000e\000r\000i\000n\000g}{}% 4
\BOOKMARK [0][-]{chapter.5}{\376\377\000M\000a\000k\000t\000p\000r\000o\000s\000e\000s\000s\000e\000n}{}% 5
\BOOKMARK [0][-]{chapter.6}{\376\377\000E\000r\000s\000t\000a\000t\000n\000i\000n\000g\000s\000a\000k\000t\000i\000v\000i\000t\000e\000t\000e\000r}{}% 6
\BOOKMARK [0][-]{chapter.7}{\376\377\000A\000u\000t\000o\000n\000o\000m\000i}{}% 7
\BOOKMARK [0][-]{chapter.8}{\376\377\000\305\000r\000s\000a\000k\000e\000r\000\040\000t\000i\000l\000\040\000s\000a\000m\000f\000u\000n\000n\000s\000m\000e\000s\000s\000i\000g\000e\000\040\000p\000r\000o\000b\000l\000e\000m\000e\000r}{}% 8
\BOOKMARK [0][-]{chapter.9}{\376\377\000F\000o\000r\000s\000t\000y\000r\000r\000e\000l\000s\000e\000\040\000a\000v\000\040\000m\000a\000k\000t\000p\000r\000o\000s\000e\000s\000s\000e\000n\000\040\000i\000\040\000d\000e\000t\000\040\000m\000o\000d\000e\000r\000n\000e\000\040\000s\000a\000m\000f\000u\000n\000n}{}% 9
\BOOKMARK [0][-]{chapter.10}{\376\377\000H\000v\000o\000r\000d\000a\000n\000\040\000n\000o\000e\000n\000\040\000m\000e\000n\000n\000e\000s\000k\000e\000r\000\040\000t\000i\000l\000p\000a\000s\000s\000e\000r\000\040\000s\000e\000g}{}% 10
\BOOKMARK [0][-]{chapter.11}{\376\377\000F\000o\000r\000s\000k\000e\000r\000e\000s\000\040\000m\000o\000t\000i\000v\000e\000r}{}% 11
\BOOKMARK [0][-]{chapter.12}{\376\377\000F\000r\000i\000h\000e\000t\000e\000n\000s\000\040\000n\000a\000t\000u\000r}{}% 12
\BOOKMARK [0][-]{chapter.13}{\376\377\000N\000o\000e\000n\000\040\000h\000i\000s\000t\000o\000r\000i\000s\000k\000e\000\040\000p\000r\000i\000n\000s\000i\000p\000p\000e\000r}{}% 13
\BOOKMARK [0][-]{chapter.14}{\376\377\000D\000e\000t\000\040\000i\000n\000d\000u\000s\000t\000r\000i\000e\000l\000t\000-\000t\000e\000k\000n\000o\000l\000o\000g\000i\000s\000k\000e\000\040\000s\000a\000m\000f\000u\000n\000n\000\040\000k\000a\000n\000\040\000i\000k\000k\000e\000\040\000r\000e\000f\000o\000r\000m\000e\000r\000e\000s}{}% 14
\BOOKMARK [0][-]{chapter.15}{\376\377\000B\000e\000g\000r\000e\000n\000s\000n\000i\000n\000g\000\040\000a\000v\000\040\000f\000r\000i\000h\000e\000t\000\040\000e\000r\000\040\000u\000u\000n\000n\000g\000\345\000e\000l\000i\000g\000\040\000i\000\040\000d\000e\000t\000\040\000i\000n\000d\000u\000s\000t\000r\000i\000e\000l\000l\000e\000\040\000s\000a\000m\000f\000u\000n\000n}{}% 15
\BOOKMARK [0][-]{chapter.16}{\376\377\000D\000e\000\040\000'\000n\000e\000g\000a\000t\000i\000v\000e\000'\000\040\000a\000s\000p\000e\000k\000t\000e\000n\000e\000\040\000a\000v\000\040\000t\000e\000k\000n\000o\000l\000o\000g\000i\000\040\000k\000a\000n\000\040\000i\000k\000k\000e\000\040\000a\000d\000s\000k\000i\000l\000l\000e\000s\000\040\000f\000r\000a\000\040\000d\000e\000\040\000'\000p\000o\000s\000i\000t\000i\000v\000e\000'}{}% 16
\BOOKMARK [0][-]{chapter.17}{\376\377\000T\000e\000k\000n\000o\000l\000o\000g\000i\000\040\000e\000r\000\040\000e\000n\000\040\000m\000e\000k\000t\000i\000g\000e\000r\000e\000\040\000s\000a\000m\000f\000u\000n\000n\000s\000m\000e\000s\000s\000i\000g\000\040\000k\000r\000a\000f\000t\000\040\000e\000n\000n\000\040\000\370\000n\000s\000k\000e\000t\000\040\000o\000m\000\040\000f\000r\000i\000h\000e\000t}{}% 17
\BOOKMARK [0][-]{chapter.18}{\376\377\000E\000n\000k\000l\000e\000r\000e\000\040\000s\000a\000m\000f\000u\000n\000n\000s\000m\000e\000s\000s\000i\000g\000e\000\040\000p\000r\000o\000b\000l\000e\000m\000e\000r\000\040\000h\000a\000r\000\040\000v\000i\000s\000t\000\040\000s\000e\000g\000\040\000\345\000\040\000v\000\346\000r\000e\000\040\000u\000o\000v\000e\000r\000k\000o\000m\000m\000e\000l\000i\000g\000e}{}% 18
\BOOKMARK [0][-]{chapter.19}{\376\377\000R\000e\000v\000o\000l\000u\000s\000j\000o\000n\000\040\000e\000r\000\040\000e\000n\000k\000l\000e\000r\000e\000\040\000e\000n\000n\000\040\000r\000e\000f\000o\000r\000m}{}% 19
\BOOKMARK [0][-]{chapter.20}{\376\377\000K\000o\000n\000t\000r\000o\000l\000l\000\040\000a\000v\000\040\000m\000e\000n\000n\000e\000s\000k\000e\000l\000i\000g\000\040\000a\000d\000f\000e\000r\000d}{}% 20
\BOOKMARK [0][-]{chapter.21}{\376\377\000M\000e\000n\000n\000e\000s\000k\000e\000h\000e\000t\000e\000n\000\040\000v\000e\000d\000\040\000e\000t\000\040\000v\000e\000i\000s\000k\000i\000l\000l\000e}{}% 21
\BOOKMARK [0][-]{chapter.22}{\376\377\000M\000e\000n\000n\000e\000s\000k\000e\000l\000i\000g\000\040\000l\000i\000d\000e\000l\000s\000e}{}% 22
\BOOKMARK [0][-]{chapter.23}{\376\377\000F\000r\000e\000m\000t\000i\000d\000e\000n}{}% 23
\BOOKMARK [0][-]{chapter.24}{\376\377\000S\000t\000r\000a\000t\000e\000g\000i}{}% 24
\BOOKMARK [0][-]{chapter.25}{\376\377\000T\000o\000\040\000f\000o\000r\000m\000e\000r\000\040\000f\000o\000r\000\040\000t\000e\000k\000n\000o\000l\000o\000g\000i}{}% 25
\BOOKMARK [0][-]{chapter.26}{\376\377\000F\000a\000r\000e\000n\000\040\000f\000o\000r\000\040\000v\000e\000n\000s\000t\000r\000e\000v\000r\000i\000d\000d\000\040\000i\000d\000e\000o\000l\000o\000g\000i}{}% 26
\BOOKMARK [0][-]{chapter.27}{\376\377\000S\000l\000u\000t\000t\000o\000r\000d}{}% 27
